<?xml version="1.0" encoding="UTF-8"?>
<!-- Generated by org.testng.reporters.JUnitReportReporter -->
<testsuite skipped="0" hostname="YCSLAP0062" name="test.Test1" tests="1" failures="0" timestamp="04 Nov 2019 12:38:47 GMT" time="10.475" errors="0">
  <testcase name="Demo" time="10.475" classname="test.Test1"/>
</testsuite> <!-- test.Test1 -->
